Determining if the pthread_create exist failed with the following output:
Change Dir: /home/rpg711/Documents/CS403/kinetic_workspace/cs403/compsci403_assignment5/build/CMakeFiles/CMakeTmp

Run Build Command:"/usr/bin/make" "cmTC_7b2cd/fast"
make[1]: Entering directory '/home/rpg711/Documents/CS403/kinetic_workspace/cs403/compsci403_assignment5/build/CMakeFiles/CMakeTmp'
/usr/bin/make -f CMakeFiles/cmTC_7b2cd.dir/build.make CMakeFiles/cmTC_7b2cd.dir/build
make[2]: Entering directory '/home/rpg711/Documents/CS403/kinetic_workspace/cs403/compsci403_assignment5/build/CMakeFiles/CMakeTmp'
Building C object CMakeFiles/cmTC_7b2cd.dir/CheckSymbolExists.c.o
/usr/bin/cc     -o CMakeFiles/cmTC_7b2cd.dir/CheckSymbolExists.c.o   -c /home/rpg711/Documents/CS403/kinetic_workspace/cs403/compsci403_assignment5/build/CMakeFiles/CMakeTmp/CheckSymbolExists.c
Linking C executable cmTC_7b2cd
/usr/bin/cmake -E cmake_link_script CMakeFiles/cmTC_7b2cd.dir/link.txt --verbose=1
/usr/bin/cc       CMakeFiles/cmTC_7b2cd.dir/CheckSymbolExists.c.o  -o cmTC_7b2cd -rdynamic 
CMakeFiles/cmTC_7b2cd.dir/CheckSymbolExists.c.o: In function `main':
CheckSymbolExists.c:(.text+0x16): undefined reference to `pthread_create'
collect2: error: ld returned 1 exit status
CMakeFiles/cmTC_7b2cd.dir/build.make:97: recipe for target 'cmTC_7b2cd' failed
make[2]: *** [cmTC_7b2cd] Error 1
make[2]: Leaving directory '/home/rpg711/Documents/CS403/kinetic_workspace/cs403/compsci403_assignment5/build/CMakeFiles/CMakeTmp'
Makefile:126: recipe for target 'cmTC_7b2cd/fast' failed
make[1]: *** [cmTC_7b2cd/fast] Error 2
make[1]: Leaving directory '/home/rpg711/Documents/CS403/kinetic_workspace/cs403/compsci403_assignment5/build/CMakeFiles/CMakeTmp'

File /home/rpg711/Documents/CS403/kinetic_workspace/cs403/compsci403_assignment5/build/CMakeFiles/CMakeTmp/CheckSymbolExists.c:
/* */
#include <pthread.h>

int main(int argc, char** argv)
{
  (void)argv;
#ifndef pthread_create
  return ((int*)(&pthread_create))[argc];
#else
  (void)argc;
  return 0;
#endif
}

Determining if the function pthread_create exists in the pthreads failed with the following output:
Change Dir: /home/rpg711/Documents/CS403/kinetic_workspace/cs403/compsci403_assignment5/build/CMakeFiles/CMakeTmp

Run Build Command:"/usr/bin/make" "cmTC_1011a/fast"
make[1]: Entering directory '/home/rpg711/Documents/CS403/kinetic_workspace/cs403/compsci403_assignment5/build/CMakeFiles/CMakeTmp'
/usr/bin/make -f CMakeFiles/cmTC_1011a.dir/build.make CMakeFiles/cmTC_1011a.dir/build
make[2]: Entering directory '/home/rpg711/Documents/CS403/kinetic_workspace/cs403/compsci403_assignment5/build/CMakeFiles/CMakeTmp'
Building C object CMakeFiles/cmTC_1011a.dir/CheckFunctionExists.c.o
/usr/bin/cc    -DCHECK_FUNCTION_EXISTS=pthread_create   -o CMakeFiles/cmTC_1011a.dir/CheckFunctionExists.c.o   -c /usr/share/cmake-3.5/Modules/CheckFunctionExists.c
Linking C executable cmTC_1011a
/usr/bin/cmake -E cmake_link_script CMakeFiles/cmTC_1011a.dir/link.txt --verbose=1
/usr/bin/cc   -DCHECK_FUNCTION_EXISTS=pthread_create    CMakeFiles/cmTC_1011a.dir/CheckFunctionExists.c.o  -o cmTC_1011a -rdynamic -lpthreads 
/usr/bin/ld: cannot find -lpthreads
collect2: error: ld returned 1 exit status
CMakeFiles/cmTC_1011a.dir/build.make:97: recipe for target 'cmTC_1011a' failed
make[2]: *** [cmTC_1011a] Error 1
make[2]: Leaving directory '/home/rpg711/Documents/CS403/kinetic_workspace/cs403/compsci403_assignment5/build/CMakeFiles/CMakeTmp'
Makefile:126: recipe for target 'cmTC_1011a/fast' failed
make[1]: *** [cmTC_1011a/fast] Error 2
make[1]: Leaving directory '/home/rpg711/Documents/CS403/kinetic_workspace/cs403/compsci403_assignment5/build/CMakeFiles/CMakeTmp'


